<?xml version="1.0" encoding="UTF-8"?>
<!-- Generated by org.testng.reporters.JUnitReportReporter -->
<testsuite skipped="0" hostname="DESKTOP-DCMS2K8" name="com.RestAssured.TestUsingPojo.JsonSchemaValidation" tests="1" failures="0" timestamp="2023-03-14T10:56:10 IST" time="7.912" errors="0">
  <testcase name="createAirlineJsonSchemaValidation" time="7.912" classname="com.RestAssured.TestUsingPojo.JsonSchemaValidation"/>
</testsuite> <!-- com.RestAssured.TestUsingPojo.JsonSchemaValidation -->
