<?xml version="1.0" encoding="UTF-8"?>
<!-- Generated by org.testng.reporters.JUnitReportReporter -->
<testsuite skipped="0" hostname="DESKTOP-DCMS2K8" name="com.RestAssured.TestUsingPojo.CreateAirlineDataPojoTest" tests="4" failures="0" timestamp="2023-06-26T12:33:39 IST" time="15.079" errors="0">
  <testcase name="createAirline" time="7.876" classname="com.RestAssured.TestUsingPojo.CreateAirlineDataPojoTest"/>
  <testcase name="duplicateAirlineCreation" time="1.351" classname="com.RestAssured.TestUsingPojo.CreateAirlineDataPojoTest"/>
  <testcase name="getAirlineUsingAirlineId" time="1.250" classname="com.RestAssured.TestUsingPojo.CreateAirlineDataPojoTest"/>
  <testcase name="getAllAirlineDetails" time="4.602" classname="com.RestAssured.TestUsingPojo.CreateAirlineDataPojoTest"/>
</testsuite> <!-- com.RestAssured.TestUsingPojo.CreateAirlineDataPojoTest -->
