<?xml version="1.0" encoding="UTF-8"?>
<!-- Generated by org.testng.reporters.JUnitReportReporter -->
<testsuite skipped="0" hostname="DESKTOP-DCMS2K8" name="com.RestAssured.TestUsingPojo.CreateAirlineDataPojoTest" tests="1" failures="0" timestamp="2023-03-07T19:34:57 IST" time="30.904" errors="0">
  <testcase name="createAirline" time="30.904" classname="com.RestAssured.TestUsingPojo.CreateAirlineDataPojoTest"/>
</testsuite> <!-- com.RestAssured.TestUsingPojo.CreateAirlineDataPojoTest -->
