<?xml version="1.0" encoding="UTF-8"?>
<!-- Generated by org.testng.reporters.JUnitReportReporter -->
<testsuite skipped="4" hostname="DESKTOP-DCMS2K8" name="com.AravindaLabs.day1.HTTPRequests" tests="6" failures="0" timestamp="2023-03-03T11:05:37 IST" time="35.505" errors="0">
  <testcase name="createAirlines" time="32.166" classname="com.AravindaLabs.day1.HTTPRequests"/>
  <testcase name="getAirlineDataById" time="3.339" classname="com.AravindaLabs.day1.HTTPRequests"/>
  <testcase name="deleteUser" classname="com.AravindaLabs.day1.HTTPRequests">
    <skipped/>
  </testcase> <!-- deleteUser -->
  <testcase name="createUser" classname="com.AravindaLabs.day1.HTTPRequests">
    <skipped/>
  </testcase> <!-- createUser -->
  <testcase name="updateUser" classname="com.AravindaLabs.day1.HTTPRequests">
    <skipped/>
  </testcase> <!-- updateUser -->
  <testcase name="getUserList" classname="com.AravindaLabs.day1.HTTPRequests">
    <skipped/>
  </testcase> <!-- getUserList -->
</testsuite> <!-- com.AravindaLabs.day1.HTTPRequests -->
