<?xml version="1.0" encoding="UTF-8"?>
<!-- Generated by org.testng.reporters.JUnitReportReporter -->
<testsuite skipped="0" hostname="DESKTOP-DCMS2K8" name="com.RestAssured.TestUsingLombok.CreateAirlineTestLombok" tests="3" failures="0" timestamp="2023-04-10T10:01:16 IST" time="10.992" errors="0">
  <testcase name="createPassengerTest" time="1.325" classname="com.RestAssured.TestUsingLombok.CreateAirlineTestLombok"/>
  <testcase name="createAirlineAndVerifyResponse" time="8.385" classname="com.RestAssured.TestUsingLombok.CreateAirlineTestLombok"/>
  <testcase name="createAirline" time="1.282" classname="com.RestAssured.TestUsingLombok.CreateAirlineTestLombok"/>
</testsuite> <!-- com.RestAssured.TestUsingLombok.CreateAirlineTestLombok -->
