<?xml version="1.0" encoding="UTF-8"?>
<!-- Generated by org.testng.reporters.JUnitReportReporter -->
<testsuite skipped="0" hostname="DESKTOP-DCMS2K8" name="com.RestAssured.TestUsingPojo.CreateAirlineDataPojoTest" tests="4" failures="0" timestamp="2023-03-09T11:04:58 IST" time="55.283" errors="0">
  <testcase name="createAirline" time="9.248" classname="com.RestAssured.TestUsingPojo.CreateAirlineDataPojoTest"/>
  <testcase name="duplicateAirlineCreation" time="2.714" classname="com.RestAssured.TestUsingPojo.CreateAirlineDataPojoTest"/>
  <testcase name="getAirlineUsingAirlineId" time="1.342" classname="com.RestAssured.TestUsingPojo.CreateAirlineDataPojoTest"/>
  <testcase name="getAllAirlineDetails" time="41.979" classname="com.RestAssured.TestUsingPojo.CreateAirlineDataPojoTest"/>
</testsuite> <!-- com.RestAssured.TestUsingPojo.CreateAirlineDataPojoTest -->
