<?xml version="1.0" encoding="UTF-8"?>
<!-- Generated by org.testng.reporters.JUnitReportReporter -->
<testsuite skipped="0" hostname="DESKTOP-DCMS2K8" name="com.AravindaLabs.test.day2.PostDataCreation" tests="1" failures="0" timestamp="2023-06-26T12:33:39 IST" time="0.005" errors="0">
  <testcase name="testPostUsingHashMap" time="0.005" classname="com.AravindaLabs.test.day2.PostDataCreation"/>
</testsuite> <!-- com.AravindaLabs.test.day2.PostDataCreation -->
