<?xml version="1.0" encoding="UTF-8"?>
<!-- Generated by org.testng.reporters.JUnitReportReporter -->
<testsuite skipped="4" hostname="DESKTOP-DCMS2K8" name="com.AravindaLabs.day1.HTTPRequests" tests="6" failures="0" timestamp="2023-06-26T11:21:41 IST" time="3.323" errors="0">
  <testcase name="createAirlines" time="1.590" classname="com.AravindaLabs.day1.HTTPRequests"/>
  <testcase name="getAirlineDataById" time="1.733" classname="com.AravindaLabs.day1.HTTPRequests"/>
  <testcase name="deleteUser" classname="com.AravindaLabs.day1.HTTPRequests">
    <skipped/>
  </testcase> <!-- deleteUser -->
  <testcase name="createUser" classname="com.AravindaLabs.day1.HTTPRequests">
    <skipped/>
  </testcase> <!-- createUser -->
  <testcase name="updateUser" classname="com.AravindaLabs.day1.HTTPRequests">
    <skipped/>
  </testcase> <!-- updateUser -->
  <testcase name="getUserList" classname="com.AravindaLabs.day1.HTTPRequests">
    <skipped/>
  </testcase> <!-- getUserList -->
</testsuite> <!-- com.AravindaLabs.day1.HTTPRequests -->
